<?xml version="1.0" encoding="UTF-8"?>
<!-- Generated by org.testng.reporters.JUnitReportReporter -->
<testsuite hostname="DESKTOP-KMDUE1Q" failures="0" tests="1" name="appiumBasic.Run_Emaulator" time="30.027" errors="0" timestamp="2021-08-13T16:44:48 EET" skipped="0">
  <testcase classname="appiumBasic.Run_Emaulator" name="Open_Application" time="30.027"/>
  <system-out/>
</testsuite> <!-- appiumBasic.Run_Emaulator -->
